  [1m[35m (3.0ms)[0m  [1m[34mSELECT sqlite_version(*)[0m
  [1m[35m (2.1ms)[0m  [1m[35mCREATE TABLE "schema_migrations" ("version" varchar NOT NULL PRIMARY KEY)[0m
  [1m[35m (1.8ms)[0m  [1m[35mCREATE TABLE "ar_internal_metadata" ("key" varchar NOT NULL PRIMARY KEY, "value" varchar, "created_at" datetime(6) NOT NULL, "updated_at" datetime(6) NOT NULL)[0m
  [1m[35m (0.2ms)[0m  [1m[34mSELECT "schema_migrations"."version" FROM "schema_migrations" ORDER BY "schema_migrations"."version" ASC[0m
Migrating to CreateUsers (20210214212142)
  [1m[35m (0.1ms)[0m  [1m[36mbegin transaction[0m
  [1m[35m (0.4ms)[0m  [1m[35mCREATE TABLE "users" ("id" integer PRIMARY KEY AUTOINCREMENT NOT NULL, "name" varchar, "created_at" datetime(6) NOT NULL, "updated_at" datetime(6) NOT NULL)[0m
  [1m[36mprimary::SchemaMigration Create (0.2ms)[0m  [1m[32mINSERT INTO "schema_migrations" ("version") VALUES (?)[0m  [["version", "20210214212142"]]
  [1m[35m (1.8ms)[0m  [1m[36mcommit transaction[0m
Migrating to CreateGifts (20210214212428)
  [1m[35m (0.1ms)[0m  [1m[36mbegin transaction[0m
  [1m[35m (0.6ms)[0m  [1m[35mCREATE TABLE "gifts" ("id" integer PRIMARY KEY AUTOINCREMENT NOT NULL, "name" varchar, "cost" integer, "user_id" integer, "created_at" datetime(6) NOT NULL, "updated_at" datetime(6) NOT NULL)[0m
  [1m[36mprimary::SchemaMigration Create (0.2ms)[0m  [1m[32mINSERT INTO "schema_migrations" ("version") VALUES (?)[0m  [["version", "20210214212428"]]
  [1m[35m (1.6ms)[0m  [1m[36mcommit transaction[0m
  [1m[36mActiveRecord::InternalMetadata Load (0.2ms)[0m  [1m[34mSELECT "ar_internal_metadata".* FROM "ar_internal_metadata" WHERE "ar_internal_metadata"."key" = ? LIMIT ?[0m  [["key", "environment"], ["LIMIT", 1]]
  [1m[35m (0.1ms)[0m  [1m[36mbegin transaction[0m
  [1m[36mActiveRecord::InternalMetadata Create (0.3ms)[0m  [1m[32mINSERT INTO "ar_internal_metadata" ("key", "value", "created_at", "updated_at") VALUES (?, ?, ?, ?)[0m  [["key", "environment"], ["value", "development"], ["created_at", "2021-02-14 21:32:40.110839"], ["updated_at", "2021-02-14 21:32:40.110839"]]
  [1m[35m (0.8ms)[0m  [1m[36mcommit transaction[0m
  [1m[35m (0.0ms)[0m  [1m[34mSELECT sqlite_version(*)[0m
  [1m[35m (0.1ms)[0m  [1m[34mSELECT "schema_migrations"."version" FROM "schema_migrations" ORDER BY "schema_migrations"."version" ASC[0m
  [1m[35m (1.4ms)[0m  [1m[34mSELECT sqlite_version(*)[0m
  [1m[35m (0.2ms)[0m  [1m[34mSELECT "schema_migrations"."version" FROM "schema_migrations" ORDER BY "schema_migrations"."version" ASC[0m
  [1m[35m (0.0ms)[0m  [1m[34mSELECT sqlite_version(*)[0m
  [1m[35m (0.0ms)[0m  [1m[36mbegin transaction[0m
  [1m[36mUser Create (1.5ms)[0m  [1m[32mINSERT INTO "users" ("name", "created_at", "updated_at") VALUES (?, ?, ?)[0m  [["name", "Sarah"], ["created_at", "2021-02-14 21:32:46.211260"], ["updated_at", "2021-02-14 21:32:46.211260"]]
  [1m[35m (1.9ms)[0m  [1m[36mcommit transaction[0m
  [1m[35m (0.1ms)[0m  [1m[36mbegin transaction[0m
  [1m[36mUser Create (0.3ms)[0m  [1m[32mINSERT INTO "users" ("name", "created_at", "updated_at") VALUES (?, ?, ?)[0m  [["name", "Jordan"], ["created_at", "2021-02-14 21:32:46.217783"], ["updated_at", "2021-02-14 21:32:46.217783"]]
  [1m[35m (0.8ms)[0m  [1m[36mcommit transaction[0m
  [1m[35m (1.6ms)[0m  [1m[34mSELECT sqlite_version(*)[0m
  [1m[36mUser Load (0.6ms)[0m  [1m[34mSELECT "users".* FROM "users" LIMIT ?[0m  [["LIMIT", 11]]
  [1m[36mUser Load (0.2ms)[0m  [1m[34mSELECT "users".* FROM "users" LIMIT ?[0m  [["LIMIT", 11]]
  [1m[36mGift Load (0.4ms)[0m  [1m[34mSELECT "gifts".* FROM "gifts" LIMIT ?[0m  [["LIMIT", 11]]
  [1m[35m (1.4ms)[0m  [1m[34mSELECT sqlite_version(*)[0m
  [1m[36mUser Load (0.5ms)[0m  [1m[34mSELECT "users".* FROM "users" ORDER BY "users"."id" ASC LIMIT ?[0m  [["LIMIT", 1]]
  [1m[35m (1.3ms)[0m  [1m[34mSELECT sqlite_version(*)[0m
  [1m[36mUser Load (0.5ms)[0m  [1m[34mSELECT "users".* FROM "users" ORDER BY "users"."id" ASC LIMIT ?[0m  [["LIMIT", 1]]
  [1m[35m (1.1ms)[0m  [1m[34mSELECT sqlite_version(*)[0m
  [1m[35m (0.5ms)[0m  [1m[34mSELECT "schema_migrations"."version" FROM "schema_migrations" ORDER BY "schema_migrations"."version" ASC[0m
  [1m[35m (0.1ms)[0m  [1m[34mSELECT sqlite_version(*)[0m
  [1m[35m (0.1ms)[0m  [1m[36mbegin transaction[0m
  [1m[36mUser Create (1.4ms)[0m  [1m[32mINSERT INTO "users" ("name", "created_at", "updated_at") VALUES (?, ?, ?)[0m  [["name", "Sarah"], ["created_at", "2021-02-14 21:44:19.531631"], ["updated_at", "2021-02-14 21:44:19.531631"]]
  [1m[35m (2.6ms)[0m  [1m[36mcommit transaction[0m
  [1m[35m (0.1ms)[0m  [1m[36mbegin transaction[0m
  [1m[36mUser Create (0.4ms)[0m  [1m[32mINSERT INTO "users" ("name", "created_at", "updated_at") VALUES (?, ?, ?)[0m  [["name", "Jordan"], ["created_at", "2021-02-14 21:44:19.539435"], ["updated_at", "2021-02-14 21:44:19.539435"]]
  [1m[35m (1.7ms)[0m  [1m[36mcommit transaction[0m
  [1m[35m (0.1ms)[0m  [1m[36mbegin transaction[0m
  [1m[36mGift Create (0.7ms)[0m  [1m[32mINSERT INTO "gifts" ("name", "cost", "user_id", "created_at", "updated_at") VALUES (?, ?, ?, ?, ?)[0m  [["name", "Coat"], ["cost", 75], ["user_id", 3], ["created_at", "2021-02-14 21:44:19.566282"], ["updated_at", "2021-02-14 21:44:19.566282"]]
  [1m[35m (1.5ms)[0m  [1m[36mcommit transaction[0m
  [1m[35m (0.0ms)[0m  [1m[36mbegin transaction[0m
  [1m[36mGift Create (0.4ms)[0m  [1m[32mINSERT INTO "gifts" ("name", "cost", "user_id", "created_at", "updated_at") VALUES (?, ?, ?, ?, ?)[0m  [["name", "Fishing Pole"], ["cost", 90], ["user_id", 4], ["created_at", "2021-02-14 21:44:19.578731"], ["updated_at", "2021-02-14 21:44:19.578731"]]
  [1m[35m (0.9ms)[0m  [1m[36mcommit transaction[0m
  [1m[35m (0.4ms)[0m  [1m[34mSELECT sqlite_version(*)[0m
  [1m[36mUser Load (0.1ms)[0m  [1m[34mSELECT "users".* FROM "users" ORDER BY "users"."id" ASC LIMIT ?[0m  [["LIMIT", 1]]
  [1m[36mGift Load (0.2ms)[0m  [1m[34mSELECT "gifts".* FROM "gifts" WHERE "gifts"."user_id" = ? LIMIT ?[0m  [["user_id", 1], ["LIMIT", 11]]
  [1m[36mUser Load (0.2ms)[0m  [1m[34mSELECT "users".* FROM "users" LIMIT ?[0m  [["LIMIT", 11]]
  [1m[36mUser Load (0.2ms)[0m  [1m[34mSELECT "users".* FROM "users"[0m
  [1m[35m (0.1ms)[0m  [1m[36mbegin transaction[0m
  [1m[36mUser Destroy (0.5ms)[0m  [1m[31mDELETE FROM "users" WHERE "users"."id" = ?[0m  [["id", 1]]
  [1m[35m (6.7ms)[0m  [1m[36mcommit transaction[0m
  [1m[35m (0.1ms)[0m  [1m[36mbegin transaction[0m
  [1m[36mUser Destroy (0.5ms)[0m  [1m[31mDELETE FROM "users" WHERE "users"."id" = ?[0m  [["id", 2]]
  [1m[35m (1.0ms)[0m  [1m[36mcommit transaction[0m
  [1m[35m (0.1ms)[0m  [1m[36mbegin transaction[0m
  [1m[36mUser Destroy (0.6ms)[0m  [1m[31mDELETE FROM "users" WHERE "users"."id" = ?[0m  [["id", 3]]
  [1m[35m (0.9ms)[0m  [1m[36mcommit transaction[0m
  [1m[35m (0.0ms)[0m  [1m[36mbegin transaction[0m
  [1m[36mUser Destroy (0.3ms)[0m  [1m[31mDELETE FROM "users" WHERE "users"."id" = ?[0m  [["id", 4]]
  [1m[35m (0.8ms)[0m  [1m[36mcommit transaction[0m
  [1m[36mUser Load (0.2ms)[0m  [1m[34mSELECT "users".* FROM "users" LIMIT ?[0m  [["LIMIT", 11]]
  [1m[36mGift Load (0.2ms)[0m  [1m[34mSELECT "gifts".* FROM "gifts"[0m
  [1m[35m (0.1ms)[0m  [1m[36mbegin transaction[0m
  [1m[36mGift Destroy (0.4ms)[0m  [1m[31mDELETE FROM "gifts" WHERE "gifts"."id" = ?[0m  [["id", 1]]
  [1m[35m (6.4ms)[0m  [1m[36mcommit transaction[0m
  [1m[35m (0.0ms)[0m  [1m[36mbegin transaction[0m
  [1m[36mGift Destroy (0.4ms)[0m  [1m[31mDELETE FROM "gifts" WHERE "gifts"."id" = ?[0m  [["id", 2]]
  [1m[35m (0.9ms)[0m  [1m[36mcommit transaction[0m
  [1m[36mGift Load (0.2ms)[0m  [1m[34mSELECT "gifts".* FROM "gifts" LIMIT ?[0m  [["LIMIT", 11]]
  [1m[35m (1.6ms)[0m  [1m[34mSELECT sqlite_version(*)[0m
  [1m[35m (0.2ms)[0m  [1m[34mSELECT "schema_migrations"."version" FROM "schema_migrations" ORDER BY "schema_migrations"."version" ASC[0m
  [1m[35m (0.0ms)[0m  [1m[34mSELECT sqlite_version(*)[0m
  [1m[35m (0.0ms)[0m  [1m[36mbegin transaction[0m
  [1m[36mUser Create (0.4ms)[0m  [1m[32mINSERT INTO "users" ("name", "created_at", "updated_at") VALUES (?, ?, ?)[0m  [["name", "Sarah"], ["created_at", "2021-02-14 21:47:47.430267"], ["updated_at", "2021-02-14 21:47:47.430267"]]
  [1m[35m (1.7ms)[0m  [1m[36mcommit transaction[0m
  [1m[35m (0.0ms)[0m  [1m[36mbegin transaction[0m
  [1m[36mUser Create (0.3ms)[0m  [1m[32mINSERT INTO "users" ("name", "created_at", "updated_at") VALUES (?, ?, ?)[0m  [["name", "Jordan"], ["created_at", "2021-02-14 21:47:47.435376"], ["updated_at", "2021-02-14 21:47:47.435376"]]
  [1m[35m (1.2ms)[0m  [1m[36mcommit transaction[0m
  [1m[35m (0.1ms)[0m  [1m[36mbegin transaction[0m
  [1m[36mGift Create (0.4ms)[0m  [1m[32mINSERT INTO "gifts" ("name", "cost", "user_id", "created_at", "updated_at") VALUES (?, ?, ?, ?, ?)[0m  [["name", "Coat"], ["cost", 75], ["user_id", 5], ["created_at", "2021-02-14 21:47:47.461985"], ["updated_at", "2021-02-14 21:47:47.461985"]]
  [1m[35m (1.0ms)[0m  [1m[36mcommit transaction[0m
  [1m[35m (0.0ms)[0m  [1m[36mbegin transaction[0m
  [1m[36mGift Create (0.3ms)[0m  [1m[32mINSERT INTO "gifts" ("name", "cost", "user_id", "created_at", "updated_at") VALUES (?, ?, ?, ?, ?)[0m  [["name", "Fishing Pole"], ["cost", 90], ["user_id", 6], ["created_at", "2021-02-14 21:47:47.473491"], ["updated_at", "2021-02-14 21:47:47.473491"]]
  [1m[35m (1.3ms)[0m  [1m[36mcommit transaction[0m
  [1m[35m (0.4ms)[0m  [1m[34mSELECT sqlite_version(*)[0m
  [1m[36mUser Load (0.2ms)[0m  [1m[34mSELECT "users".* FROM "users" LIMIT ?[0m  [["LIMIT", 11]]
  [1m[35m (1.5ms)[0m  [1m[34mSELECT sqlite_version(*)[0m
  [1m[35m (0.6ms)[0m  [1m[34mSELECT "schema_migrations"."version" FROM "schema_migrations" ORDER BY "schema_migrations"."version" ASC[0m
  [1m[35m (0.9ms)[0m  [1m[34mSELECT "ar_internal_metadata"."value" FROM "ar_internal_metadata" WHERE "ar_internal_metadata"."key" = ?[0m  [["key", "environment"]]
  [1m[35m (0.1ms)[0m  [1m[34mSELECT "schema_migrations"."version" FROM "schema_migrations" ORDER BY "schema_migrations"."version" ASC[0m
  [1m[35m (0.1ms)[0m  [1m[34mSELECT "ar_internal_metadata"."value" FROM "ar_internal_metadata" WHERE "ar_internal_metadata"."key" = ?[0m  [["key", "environment"]]
  [1m[35m (0.1ms)[0m  [1m[34mSELECT "schema_migrations"."version" FROM "schema_migrations" ORDER BY "schema_migrations"."version" ASC[0m
  [1m[35m (0.1ms)[0m  [1m[34mSELECT "ar_internal_metadata"."value" FROM "ar_internal_metadata" WHERE "ar_internal_metadata"."key" = ?[0m  [["key", "environment"]]
  [1m[35m (0.1ms)[0m  [1m[34mSELECT sqlite_version(*)[0m
  [1m[35m (0.0ms)[0m  [1m[34mSELECT sqlite_version(*)[0m
  [1m[35m (0.1ms)[0m  [1m[34mSELECT sqlite_version(*)[0m
  [1m[35m (0.4ms)[0m  [1m[35mDROP TABLE IF EXISTS "gifts"[0m
  [1m[35m (1.5ms)[0m  [1m[35mCREATE TABLE "gifts" ("id" integer PRIMARY KEY AUTOINCREMENT NOT NULL, "name" varchar, "cost" integer, "user_id" integer, "created_at" datetime(6) NOT NULL, "updated_at" datetime(6) NOT NULL)[0m
  [1m[35m (0.1ms)[0m  [1m[35mDROP TABLE IF EXISTS "users"[0m
  [1m[35m (1.6ms)[0m  [1m[35mCREATE TABLE "users" ("id" integer PRIMARY KEY AUTOINCREMENT NOT NULL, "name" varchar, "created_at" datetime(6) NOT NULL, "updated_at" datetime(6) NOT NULL)[0m
  [1m[35m (1.3ms)[0m  [1m[35mCREATE TABLE "schema_migrations" ("version" varchar NOT NULL PRIMARY KEY)[0m
  [1m[35m (0.1ms)[0m  [1m[34mSELECT "schema_migrations"."version" FROM "schema_migrations" ORDER BY "schema_migrations"."version" ASC[0m
  [1m[35m (0.8ms)[0m  [1m[32mINSERT INTO "schema_migrations" (version) VALUES (20210214212428)[0m
  [1m[35m (1.5ms)[0m  [1m[32mINSERT INTO "schema_migrations" (version) VALUES
(20210214212142);

[0m
  [1m[35m (1.3ms)[0m  [1m[35mCREATE TABLE "ar_internal_metadata" ("key" varchar NOT NULL PRIMARY KEY, "value" varchar, "created_at" datetime(6) NOT NULL, "updated_at" datetime(6) NOT NULL)[0m
  [1m[36mActiveRecord::InternalMetadata Load (0.2ms)[0m  [1m[34mSELECT "ar_internal_metadata".* FROM "ar_internal_metadata" WHERE "ar_internal_metadata"."key" = ? LIMIT ?[0m  [["key", "environment"], ["LIMIT", 1]]
  [1m[35m (0.1ms)[0m  [1m[36mbegin transaction[0m
  [1m[36mActiveRecord::InternalMetadata Create (0.3ms)[0m  [1m[32mINSERT INTO "ar_internal_metadata" ("key", "value", "created_at", "updated_at") VALUES (?, ?, ?, ?)[0m  [["key", "environment"], ["value", "development"], ["created_at", "2021-02-14 21:48:31.495715"], ["updated_at", "2021-02-14 21:48:31.495715"]]
  [1m[35m (1.2ms)[0m  [1m[36mcommit transaction[0m
  [1m[36mActiveRecord::InternalMetadata Load (0.1ms)[0m  [1m[34mSELECT "ar_internal_metadata".* FROM "ar_internal_metadata" WHERE "ar_internal_metadata"."key" = ? LIMIT ?[0m  [["key", "environment"], ["LIMIT", 1]]
  [1m[36mActiveRecord::InternalMetadata Load (0.1ms)[0m  [1m[34mSELECT "ar_internal_metadata".* FROM "ar_internal_metadata" WHERE "ar_internal_metadata"."key" = ? LIMIT ?[0m  [["key", "schema_sha1"], ["LIMIT", 1]]
  [1m[35m (0.0ms)[0m  [1m[36mbegin transaction[0m
  [1m[36mActiveRecord::InternalMetadata Create (0.3ms)[0m  [1m[32mINSERT INTO "ar_internal_metadata" ("key", "value", "created_at", "updated_at") VALUES (?, ?, ?, ?)[0m  [["key", "schema_sha1"], ["value", "788ed1576dbea31e5ebe02d38504d90f8947bf1c"], ["created_at", "2021-02-14 21:48:31.513822"], ["updated_at", "2021-02-14 21:48:31.513822"]]
  [1m[35m (0.9ms)[0m  [1m[36mcommit transaction[0m
  [1m[35m (0.0ms)[0m  [1m[34mSELECT sqlite_version(*)[0m
  [1m[35m (0.1ms)[0m  [1m[35mDROP TABLE IF EXISTS "gifts"[0m
  [1m[35m (1.4ms)[0m  [1m[35mCREATE TABLE "gifts" ("id" integer PRIMARY KEY AUTOINCREMENT NOT NULL, "name" varchar, "cost" integer, "user_id" integer, "created_at" datetime(6) NOT NULL, "updated_at" datetime(6) NOT NULL)[0m
  [1m[35m (0.1ms)[0m  [1m[35mDROP TABLE IF EXISTS "users"[0m
  [1m[35m (1.4ms)[0m  [1m[35mCREATE TABLE "users" ("id" integer PRIMARY KEY AUTOINCREMENT NOT NULL, "name" varchar, "created_at" datetime(6) NOT NULL, "updated_at" datetime(6) NOT NULL)[0m
  [1m[35m (1.0ms)[0m  [1m[35mCREATE TABLE "schema_migrations" ("version" varchar NOT NULL PRIMARY KEY)[0m
  [1m[35m (0.1ms)[0m  [1m[34mSELECT "schema_migrations"."version" FROM "schema_migrations" ORDER BY "schema_migrations"."version" ASC[0m
  [1m[35m (1.4ms)[0m  [1m[32mINSERT INTO "schema_migrations" (version) VALUES (20210214212428)[0m
  [1m[35m (1.0ms)[0m  [1m[32mINSERT INTO "schema_migrations" (version) VALUES
(20210214212142);

[0m
  [1m[35m (1.4ms)[0m  [1m[35mCREATE TABLE "ar_internal_metadata" ("key" varchar NOT NULL PRIMARY KEY, "value" varchar, "created_at" datetime(6) NOT NULL, "updated_at" datetime(6) NOT NULL)[0m
  [1m[36mActiveRecord::InternalMetadata Load (0.2ms)[0m  [1m[34mSELECT "ar_internal_metadata".* FROM "ar_internal_metadata" WHERE "ar_internal_metadata"."key" = ? LIMIT ?[0m  [["key", "environment"], ["LIMIT", 1]]
  [1m[35m (0.0ms)[0m  [1m[36mbegin transaction[0m
  [1m[36mActiveRecord::InternalMetadata Create (0.3ms)[0m  [1m[32mINSERT INTO "ar_internal_metadata" ("key", "value", "created_at", "updated_at") VALUES (?, ?, ?, ?)[0m  [["key", "environment"], ["value", "development"], ["created_at", "2021-02-14 21:48:31.547963"], ["updated_at", "2021-02-14 21:48:31.547963"]]
  [1m[35m (0.9ms)[0m  [1m[36mcommit transaction[0m
  [1m[36mActiveRecord::InternalMetadata Load (0.1ms)[0m  [1m[34mSELECT "ar_internal_metadata".* FROM "ar_internal_metadata" WHERE "ar_internal_metadata"."key" = ? LIMIT ?[0m  [["key", "environment"], ["LIMIT", 1]]
  [1m[35m (0.0ms)[0m  [1m[36mbegin transaction[0m
  [1m[36mActiveRecord::InternalMetadata Update (0.2ms)[0m  [1m[33mUPDATE "ar_internal_metadata" SET "value" = ?, "updated_at" = ? WHERE "ar_internal_metadata"."key" = ?[0m  [["value", "test"], ["updated_at", "2021-02-14 21:48:31.552646"], ["key", "environment"]]
  [1m[35m (1.1ms)[0m  [1m[36mcommit transaction[0m
  [1m[36mActiveRecord::InternalMetadata Load (0.1ms)[0m  [1m[34mSELECT "ar_internal_metadata".* FROM "ar_internal_metadata" WHERE "ar_internal_metadata"."key" = ? LIMIT ?[0m  [["key", "schema_sha1"], ["LIMIT", 1]]
  [1m[35m (0.0ms)[0m  [1m[36mbegin transaction[0m
  [1m[36mActiveRecord::InternalMetadata Create (0.2ms)[0m  [1m[32mINSERT INTO "ar_internal_metadata" ("key", "value", "created_at", "updated_at") VALUES (?, ?, ?, ?)[0m  [["key", "schema_sha1"], ["value", "788ed1576dbea31e5ebe02d38504d90f8947bf1c"], ["created_at", "2021-02-14 21:48:31.557645"], ["updated_at", "2021-02-14 21:48:31.557645"]]
  [1m[35m (1.4ms)[0m  [1m[36mcommit transaction[0m
  [1m[35m (0.0ms)[0m  [1m[34mSELECT sqlite_version(*)[0m
  [1m[35m (0.1ms)[0m  [1m[34mSELECT "schema_migrations"."version" FROM "schema_migrations" ORDER BY "schema_migrations"."version" ASC[0m
  [1m[35m (0.0ms)[0m  [1m[34mSELECT sqlite_version(*)[0m
  [1m[35m (0.0ms)[0m  [1m[36mbegin transaction[0m
  [1m[36mUser Create (0.3ms)[0m  [1m[32mINSERT INTO "users" ("name", "created_at", "updated_at") VALUES (?, ?, ?)[0m  [["name", "Sarah"], ["created_at", "2021-02-14 21:48:31.577827"], ["updated_at", "2021-02-14 21:48:31.577827"]]
  [1m[35m (1.4ms)[0m  [1m[36mcommit transaction[0m
  [1m[35m (0.0ms)[0m  [1m[36mbegin transaction[0m
  [1m[36mUser Create (0.3ms)[0m  [1m[32mINSERT INTO "users" ("name", "created_at", "updated_at") VALUES (?, ?, ?)[0m  [["name", "Jordan"], ["created_at", "2021-02-14 21:48:31.582536"], ["updated_at", "2021-02-14 21:48:31.582536"]]
  [1m[35m (0.6ms)[0m  [1m[36mcommit transaction[0m
  [1m[35m (0.1ms)[0m  [1m[36mbegin transaction[0m
  [1m[36mGift Create (0.3ms)[0m  [1m[32mINSERT INTO "gifts" ("name", "cost", "user_id", "created_at", "updated_at") VALUES (?, ?, ?, ?, ?)[0m  [["name", "Coat"], ["cost", 75], ["user_id", 1], ["created_at", "2021-02-14 21:48:31.606435"], ["updated_at", "2021-02-14 21:48:31.606435"]]
  [1m[35m (1.3ms)[0m  [1m[36mcommit transaction[0m
  [1m[35m (0.0ms)[0m  [1m[36mbegin transaction[0m
  [1m[36mGift Create (0.3ms)[0m  [1m[32mINSERT INTO "gifts" ("name", "cost", "user_id", "created_at", "updated_at") VALUES (?, ?, ?, ?, ?)[0m  [["name", "Fishing Pole"], ["cost", 90], ["user_id", 2], ["created_at", "2021-02-14 21:48:31.612115"], ["updated_at", "2021-02-14 21:48:31.612115"]]
  [1m[35m (1.3ms)[0m  [1m[36mcommit transaction[0m
  [1m[35m (0.4ms)[0m  [1m[34mSELECT sqlite_version(*)[0m
  [1m[36mUser Load (0.2ms)[0m  [1m[34mSELECT "users".* FROM "users" LIMIT ?[0m  [["LIMIT", 11]]
  [1m[36mUser Load (0.2ms)[0m  [1m[34mSELECT "users".* FROM "users" ORDER BY "users"."id" ASC LIMIT ?[0m  [["LIMIT", 1]]
  [1m[36mGift Load (0.2ms)[0m  [1m[34mSELECT "gifts".* FROM "gifts" WHERE "gifts"."user_id" = ? LIMIT ?[0m  [["user_id", 1], ["LIMIT", 11]]
  [1m[36mUser Load (0.2ms)[0m  [1m[34mSELECT "users".* FROM "users" ORDER BY "users"."id" DESC LIMIT ?[0m  [["LIMIT", 1]]
  [1m[36mGift Load (0.2ms)[0m  [1m[34mSELECT "gifts".* FROM "gifts" WHERE "gifts"."user_id" = ? LIMIT ?[0m  [["user_id", 2], ["LIMIT", 11]]
Started GET "/" for ::1 at 2021-02-14 15:27:39 -0700
  [1m[35m (1.1ms)[0m  [1m[34mSELECT sqlite_version(*)[0m
  [1m[35m (0.6ms)[0m  [1m[34mSELECT "schema_migrations"."version" FROM "schema_migrations" ORDER BY "schema_migrations"."version" ASC[0m
Processing by Rails::WelcomeController#index as HTML
  Rendering /Users/sarah/.rvm/gems/ruby-2.6.1/gems/railties-6.0.3.5/lib/rails/templates/rails/welcome/index.html.erb
  Rendered /Users/sarah/.rvm/gems/ruby-2.6.1/gems/railties-6.0.3.5/lib/rails/templates/rails/welcome/index.html.erb (Duration: 9.9ms | Allocations: 481)
Completed 200 OK in 26ms (Views: 19.9ms | ActiveRecord: 0.0ms | Allocations: 2634)


Started GET "/users" for ::1 at 2021-02-14 15:27:52 -0700
  
ActionController::RoutingError (No route matches [GET] "/users"):
  
actionpack (6.0.3.5) lib/action_dispatch/middleware/debug_exceptions.rb:36:in `call'
actionpack (6.0.3.5) lib/action_dispatch/middleware/show_exceptions.rb:33:in `call'
railties (6.0.3.5) lib/rails/rack/logger.rb:37:in `call_app'
railties (6.0.3.5) lib/rails/rack/logger.rb:26:in `block in call'
activesupport (6.0.3.5) lib/active_support/tagged_logging.rb:80:in `block in tagged'
activesupport (6.0.3.5) lib/active_support/tagged_logging.rb:28:in `tagged'
activesupport (6.0.3.5) lib/active_support/tagged_logging.rb:80:in `tagged'
railties (6.0.3.5) lib/rails/rack/logger.rb:26:in `call'
actionpack (6.0.3.5) lib/action_dispatch/middleware/remote_ip.rb:81:in `call'
actionpack (6.0.3.5) lib/action_dispatch/middleware/request_id.rb:27:in `call'
rack (2.2.3) lib/rack/runtime.rb:22:in `call'
activesupport (6.0.3.5) lib/active_support/cache/strategy/local_cache_middleware.rb:29:in `call'
actionpack (6.0.3.5) lib/action_dispatch/middleware/executor.rb:14:in `call'
actionpack (6.0.3.5) lib/action_dispatch/middleware/static.rb:126:in `call'
rack (2.2.3) lib/rack/sendfile.rb:110:in `call'
actionpack (6.0.3.5) lib/action_dispatch/middleware/host_authorization.rb:82:in `call'
rack-cors (1.1.1) lib/rack/cors.rb:100:in `call'
railties (6.0.3.5) lib/rails/engine.rb:527:in `call'
puma (4.3.7) lib/puma/configuration.rb:228:in `call'
puma (4.3.7) lib/puma/server.rb:713:in `handle_request'
puma (4.3.7) lib/puma/server.rb:472:in `process_client'
puma (4.3.7) lib/puma/server.rb:328:in `block in run'
puma (4.3.7) lib/puma/thread_pool.rb:134:in `block in spawn_thread'
Started GET "/rails/info/routes?path=" for ::1 at 2021-02-14 15:27:56 -0700
Processing by Rails::InfoController#routes as */*
  Parameters: {"path"=>""}
Completed 200 OK in 3ms (Views: 0.9ms | ActiveRecord: 0.0ms | Allocations: 2019)


Started GET "/" for ::1 at 2021-02-14 15:29:24 -0700
  [1m[35m (0.1ms)[0m  [1m[34mSELECT sqlite_version(*)[0m
Processing by Rails::WelcomeController#index as HTML
  Rendering /Users/sarah/.rvm/gems/ruby-2.6.1/gems/railties-6.0.3.5/lib/rails/templates/rails/welcome/index.html.erb
  Rendered /Users/sarah/.rvm/gems/ruby-2.6.1/gems/railties-6.0.3.5/lib/rails/templates/rails/welcome/index.html.erb (Duration: 5.0ms | Allocations: 196)
Completed 200 OK in 8ms (Views: 6.4ms | ActiveRecord: 0.0ms | Allocations: 901)


Started GET "/gifts" for ::1 at 2021-02-14 19:30:56 -0700
  [1m[35m (1.4ms)[0m  [1m[34mSELECT sqlite_version(*)[0m
  [1m[35m (0.6ms)[0m  [1m[34mSELECT "schema_migrations"."version" FROM "schema_migrations" ORDER BY "schema_migrations"."version" ASC[0m
Processing by GiftsController#index as HTML
  [1m[36mGift Load (0.4ms)[0m  [1m[34mSELECT "gifts".* FROM "gifts"[0m
  ↳ app/controllers/gifts_controller.rb:5:in `index'
Completed 200 OK in 30ms (Views: 21.7ms | ActiveRecord: 1.1ms | Allocations: 6401)


Started GET "/gifts" for ::1 at 2021-02-14 19:31:04 -0700
Processing by GiftsController#index as */*
  Parameters: {"gift"=>{}}
  [1m[36mGift Load (0.2ms)[0m  [1m[34mSELECT "gifts".* FROM "gifts"[0m
  ↳ app/controllers/gifts_controller.rb:5:in `index'
Completed 200 OK in 4ms (Views: 3.6ms | ActiveRecord: 0.2ms | Allocations: 1081)


Started GET "/gifts" for ::1 at 2021-02-14 19:40:24 -0700
  [1m[35m (0.1ms)[0m  [1m[34mSELECT sqlite_version(*)[0m
Processing by GiftsController#index as */*
  Parameters: {"gift"=>{}}
  [1m[36mGift Load (2.3ms)[0m  [1m[34mSELECT "gifts".* FROM "gifts"[0m
  ↳ app/controllers/gifts_controller.rb:5:in `index'
Completed 200 OK in 9ms (Views: 5.7ms | ActiveRecord: 2.3ms | Allocations: 1094)


Started GET "/gifts" for ::1 at 2021-02-15 16:24:39 -0700
  [1m[35m (0.3ms)[0m  [1m[34mSELECT sqlite_version(*)[0m
Processing by GiftsController#index as */*
  Parameters: {"gift"=>{}}
  [1m[36mGift Load (0.5ms)[0m  [1m[34mSELECT "gifts".* FROM "gifts"[0m
  ↳ app/controllers/gifts_controller.rb:5:in `index'
Completed 200 OK in 17ms (Views: 12.8ms | ActiveRecord: 0.5ms | Allocations: 4657)


Started GET "//gifts" for ::1 at 2021-02-15 16:36:22 -0700
  [1m[35m (0.1ms)[0m  [1m[34mSELECT sqlite_version(*)[0m
Processing by GiftsController#index as */*
  Parameters: {"gift"=>{}}
  [1m[36mGift Load (0.6ms)[0m  [1m[34mSELECT "gifts".* FROM "gifts"[0m
  ↳ app/controllers/gifts_controller.rb:5:in `index'
Completed 200 OK in 4ms (Views: 2.8ms | ActiveRecord: 0.6ms | Allocations: 1094)


Started GET "//gifts" for ::1 at 2021-02-15 19:18:46 -0700
  [1m[35m (0.4ms)[0m  [1m[34mSELECT sqlite_version(*)[0m
Processing by GiftsController#index as */*
  Parameters: {"gift"=>{}}
  [1m[36mGift Load (0.5ms)[0m  [1m[34mSELECT "gifts".* FROM "gifts"[0m
  ↳ app/controllers/gifts_controller.rb:5:in `index'
Completed 200 OK in 22ms (Views: 10.4ms | ActiveRecord: 0.5ms | Allocations: 1083)


Started GET "//gifts" for ::1 at 2021-02-15 19:24:09 -0700
  [1m[35m (0.2ms)[0m  [1m[34mSELECT sqlite_version(*)[0m
Processing by GiftsController#index as */*
  Parameters: {"gift"=>{}}
  [1m[36mGift Load (0.3ms)[0m  [1m[34mSELECT "gifts".* FROM "gifts"[0m
  ↳ app/controllers/gifts_controller.rb:5:in `index'
Completed 200 OK in 6ms (Views: 5.5ms | ActiveRecord: 0.3ms | Allocations: 1083)


Started GET "//gifts" for ::1 at 2021-02-15 19:25:45 -0700
Processing by GiftsController#index as */*
  Parameters: {"gift"=>{}}
  [1m[36mGift Load (0.2ms)[0m  [1m[34mSELECT "gifts".* FROM "gifts"[0m
  ↳ app/controllers/gifts_controller.rb:5:in `index'
Completed 200 OK in 6ms (Views: 3.7ms | ActiveRecord: 0.2ms | Allocations: 1063)


Started GET "//gifts" for ::1 at 2021-02-15 19:44:09 -0700
  [1m[35m (1.2ms)[0m  [1m[34mSELECT sqlite_version(*)[0m
  [1m[35m (0.6ms)[0m  [1m[34mSELECT "schema_migrations"."version" FROM "schema_migrations" ORDER BY "schema_migrations"."version" ASC[0m
Processing by GiftsController#index as */*
  Parameters: {"gift"=>{}}
  [1m[36mGift Load (0.5ms)[0m  [1m[34mSELECT "gifts".* FROM "gifts"[0m
  ↳ app/controllers/gifts_controller.rb:5:in `index'
Completed 200 OK in 17ms (Views: 16.1ms | ActiveRecord: 1.2ms | Allocations: 5111)


Started GET "//gifts" for ::1 at 2021-02-15 19:58:36 -0700
  [1m[35m (0.2ms)[0m  [1m[34mSELECT sqlite_version(*)[0m
Processing by GiftsController#index as */*
  Parameters: {"gift"=>{}}
  [1m[36mGift Load (0.5ms)[0m  [1m[34mSELECT "gifts".* FROM "gifts"[0m
  ↳ app/controllers/gifts_controller.rb:5:in `index'
Completed 200 OK in 5ms (Views: 3.5ms | ActiveRecord: 0.5ms | Allocations: 1094)


Started GET "/gifts" for ::1 at 2021-02-15 19:58:41 -0700
Processing by GiftsController#index as HTML
  [1m[36mGift Load (0.1ms)[0m  [1m[34mSELECT "gifts".* FROM "gifts"[0m
  ↳ app/controllers/gifts_controller.rb:5:in `index'
Completed 200 OK in 2ms (Views: 1.4ms | ActiveRecord: 0.1ms | Allocations: 1079)


Started GET "/users/new" for ::1 at 2021-02-15 19:59:51 -0700
  
AbstractController::ActionNotFound (The action 'show' could not be found for UsersController):
  
actionpack (6.0.3.5) lib/abstract_controller/base.rb:131:in `process'
actionpack (6.0.3.5) lib/action_controller/metal.rb:190:in `dispatch'
actionpack (6.0.3.5) lib/action_controller/metal.rb:254:in `dispatch'
actionpack (6.0.3.5) lib/action_dispatch/routing/route_set.rb:50:in `dispatch'
actionpack (6.0.3.5) lib/action_dispatch/routing/route_set.rb:33:in `serve'
actionpack (6.0.3.5) lib/action_dispatch/journey/router.rb:49:in `block in serve'
actionpack (6.0.3.5) lib/action_dispatch/journey/router.rb:32:in `each'
actionpack (6.0.3.5) lib/action_dispatch/journey/router.rb:32:in `serve'
actionpack (6.0.3.5) lib/action_dispatch/routing/route_set.rb:834:in `call'
rack (2.2.3) lib/rack/etag.rb:27:in `call'
rack (2.2.3) lib/rack/conditional_get.rb:27:in `call'
rack (2.2.3) lib/rack/head.rb:12:in `call'
activerecord (6.0.3.5) lib/active_record/migration.rb:567:in `call'
actionpack (6.0.3.5) lib/action_dispatch/middleware/callbacks.rb:27:in `block in call'
activesupport (6.0.3.5) lib/active_support/callbacks.rb:101:in `run_callbacks'
actionpack (6.0.3.5) lib/action_dispatch/middleware/callbacks.rb:26:in `call'
actionpack (6.0.3.5) lib/action_dispatch/middleware/executor.rb:14:in `call'
actionpack (6.0.3.5) lib/action_dispatch/middleware/actionable_exceptions.rb:18:in `call'
actionpack (6.0.3.5) lib/action_dispatch/middleware/debug_exceptions.rb:32:in `call'
actionpack (6.0.3.5) lib/action_dispatch/middleware/show_exceptions.rb:33:in `call'
railties (6.0.3.5) lib/rails/rack/logger.rb:37:in `call_app'
railties (6.0.3.5) lib/rails/rack/logger.rb:26:in `block in call'
activesupport (6.0.3.5) lib/active_support/tagged_logging.rb:80:in `block in tagged'
activesupport (6.0.3.5) lib/active_support/tagged_logging.rb:28:in `tagged'
activesupport (6.0.3.5) lib/active_support/tagged_logging.rb:80:in `tagged'
railties (6.0.3.5) lib/rails/rack/logger.rb:26:in `call'
actionpack (6.0.3.5) lib/action_dispatch/middleware/remote_ip.rb:81:in `call'
actionpack (6.0.3.5) lib/action_dispatch/middleware/request_id.rb:27:in `call'
rack (2.2.3) lib/rack/runtime.rb:22:in `call'
activesupport (6.0.3.5) lib/active_support/cache/strategy/local_cache_middleware.rb:29:in `call'
actionpack (6.0.3.5) lib/action_dispatch/middleware/executor.rb:14:in `call'
actionpack (6.0.3.5) lib/action_dispatch/middleware/static.rb:126:in `call'
rack (2.2.3) lib/rack/sendfile.rb:110:in `call'
actionpack (6.0.3.5) lib/action_dispatch/middleware/host_authorization.rb:82:in `call'
rack-cors (1.1.1) lib/rack/cors.rb:100:in `call'
railties (6.0.3.5) lib/rails/engine.rb:527:in `call'
puma (4.3.7) lib/puma/configuration.rb:228:in `call'
puma (4.3.7) lib/puma/server.rb:713:in `handle_request'
puma (4.3.7) lib/puma/server.rb:472:in `process_client'
puma (4.3.7) lib/puma/server.rb:328:in `block in run'
puma (4.3.7) lib/puma/thread_pool.rb:134:in `block in spawn_thread'
Started GET "/user/new" for ::1 at 2021-02-15 19:59:57 -0700
  
ActionController::RoutingError (No route matches [GET] "/user/new"):
  
actionpack (6.0.3.5) lib/action_dispatch/middleware/debug_exceptions.rb:36:in `call'
actionpack (6.0.3.5) lib/action_dispatch/middleware/show_exceptions.rb:33:in `call'
railties (6.0.3.5) lib/rails/rack/logger.rb:37:in `call_app'
railties (6.0.3.5) lib/rails/rack/logger.rb:26:in `block in call'
activesupport (6.0.3.5) lib/active_support/tagged_logging.rb:80:in `block in tagged'
activesupport (6.0.3.5) lib/active_support/tagged_logging.rb:28:in `tagged'
activesupport (6.0.3.5) lib/active_support/tagged_logging.rb:80:in `tagged'
railties (6.0.3.5) lib/rails/rack/logger.rb:26:in `call'
actionpack (6.0.3.5) lib/action_dispatch/middleware/remote_ip.rb:81:in `call'
actionpack (6.0.3.5) lib/action_dispatch/middleware/request_id.rb:27:in `call'
rack (2.2.3) lib/rack/runtime.rb:22:in `call'
activesupport (6.0.3.5) lib/active_support/cache/strategy/local_cache_middleware.rb:29:in `call'
actionpack (6.0.3.5) lib/action_dispatch/middleware/executor.rb:14:in `call'
actionpack (6.0.3.5) lib/action_dispatch/middleware/static.rb:126:in `call'
rack (2.2.3) lib/rack/sendfile.rb:110:in `call'
actionpack (6.0.3.5) lib/action_dispatch/middleware/host_authorization.rb:82:in `call'
rack-cors (1.1.1) lib/rack/cors.rb:100:in `call'
railties (6.0.3.5) lib/rails/engine.rb:527:in `call'
puma (4.3.7) lib/puma/configuration.rb:228:in `call'
puma (4.3.7) lib/puma/server.rb:713:in `handle_request'
puma (4.3.7) lib/puma/server.rb:472:in `process_client'
puma (4.3.7) lib/puma/server.rb:328:in `block in run'
puma (4.3.7) lib/puma/thread_pool.rb:134:in `block in spawn_thread'
